<?xml version="1.0" encoding="UTF-8"?>
<!-- Generated by org.testng.reporters.JUnitXMLReporter -->
<testsuite ignored="0" hostname="user" failures="1" tests="7" name="Test" time="67.169" errors="0" timestamp="2023-07-07T22:27:25 EDT">
  <testcase classname="com.naveenautomationlabs.AutomationFramework.Tests.MyAccountTest" name="validateLogin" time="1.801"/>
  <testcase classname="com.naveenautomationlabs.AutomationFramework.Tests.MyAccountTest" name="validateRegisterUsingValidCredentials" time="2.348">
    <skipped/>
  </testcase> <!-- validateRegisterUsingValidCredentials -->
  <testcase classname="com.naveenautomationlabs.AutomationFramework.Tests.MyAccountTest" name="validateRegisterUsingValidCredentials" time="4.854"/>
  <testcase classname="com.naveenautomationlabs.AutomationFramework.Tests.YourStoreTest" name="validatedisplayedFeaturedImagesText" time="7.074"/>
  <testcase classname="com.naveenautomationlabs.AutomationFramework.Tests.YourStoreTest" name="validateSideNavigationBarLinks" time="1.067">
    <skipped/>
  </testcase> <!-- validateSideNavigationBarLinks -->
  <testcase classname="com.naveenautomationlabs.AutomationFramework.Tests.YourStoreTest" name="validateSideNavigationBarLinks" time="1.069">
    <skipped/>
  </testcase> <!-- validateSideNavigationBarLinks -->
  <testcase classname="com.naveenautomationlabs.AutomationFramework.Tests.YourStoreTest" name="validateSideNavigationBarLinks" time="1.105">
    <failure type="java.util.NoSuchElementException" message="No line found">
      <![CDATA[java.util.NoSuchElementException: No line found
at java.base/java.util.Scanner.nextLine(Scanner.java:1651)
at com.naveenautomationlabs.AutomationFramework.Tests.YourStoreTest.validateSideNavigationBarLinks(YourStoreTest.java:41)
at java.base/java.util.ArrayList.forEach(ArrayList.java:1511)
... Removed 27 stack frames]]>
    </failure>
  </testcase> <!-- validateSideNavigationBarLinks -->
</testsuite> <!-- Test -->
